<?xml version="1.0" encoding="UTF-8"?>
<!-- Generated by org.testng.reporters.JUnitXMLReporter -->
<testsuite ignored="16" hostname="LAPTOP-UNVJLEE0" failures="1" tests="1" name="Default test" time="4.163" errors="0" timestamp="2021-08-18T09:10:17 IST">
  <testcase classname="Repeatation.R1" name="seleniumAlpha" time="4.116">
    <failure type="java.lang.IllegalArgumentException" message="Locator must be serializable to JSON using a `toJson` method. By.tagName: label">
      <![CDATA[java.lang.IllegalArgumentException: Locator must be serializable to JSON using a `toJson` method. By.tagName: label
at org.openqa.selenium.support.locators.RelativeLocator.assertLocatorCanBeSerialized(RelativeLocator.java:263)
at org.openqa.selenium.support.locators.RelativeLocator.access$100(RelativeLocator.java:43)
at org.openqa.selenium.support.locators.RelativeLocator$RelativeBy.<init>(RelativeLocator.java:78)
at org.openqa.selenium.support.locators.RelativeLocator$RelativeBy.<init>(RelativeLocator.java:73)
at org.openqa.selenium.support.locators.RelativeLocator$RelativeBy.<init>(RelativeLocator.java:68)
at org.openqa.selenium.support.locators.RelativeLocator.withTagName(RelativeLocator.java:65)
at Repeatation.R1.seleniumAlpha(R1.java:928)
at java.base/jdk.internal.reflect.NativeMethodAccessorImpl.invoke0(Native Method)
at java.base/jdk.internal.reflect.NativeMethodAccessorImpl.invoke(NativeMethodAccessorImpl.java:64)
at java.base/jdk.internal.reflect.DelegatingMethodAccessorImpl.invoke(DelegatingMethodAccessorImpl.java:43)
at java.base/java.lang.reflect.Method.invoke(Method.java:564)
at org.testng.internal.MethodInvocationHelper.invokeMethod(MethodInvocationHelper.java:133)
at org.testng.internal.TestInvoker.invokeMethod(TestInvoker.java:598)
at org.testng.internal.TestInvoker.invokeTestMethod(TestInvoker.java:173)
at org.testng.internal.MethodRunner.runInSequence(MethodRunner.java:46)
at org.testng.internal.TestInvoker$MethodInvocationAgent.invoke(TestInvoker.java:824)
at org.testng.internal.TestInvoker.invokeTestMethods(TestInvoker.java:146)
at org.testng.internal.TestMethodWorker.invokeTestMethods(TestMethodWorker.java:146)
at org.testng.internal.TestMethodWorker.run(TestMethodWorker.java:128)
at java.base/java.util.ArrayList.forEach(ArrayList.java:1511)
at org.testng.TestRunner.privateRun(TestRunner.java:794)
at org.testng.TestRunner.run(TestRunner.java:596)
at org.testng.SuiteRunner.runTest(SuiteRunner.java:377)
at org.testng.SuiteRunner.runSequentially(SuiteRunner.java:371)
at org.testng.SuiteRunner.privateRun(SuiteRunner.java:332)
at org.testng.SuiteRunner.run(SuiteRunner.java:276)
at org.testng.SuiteRunnerWorker.runSuite(SuiteRunnerWorker.java:53)
at org.testng.SuiteRunnerWorker.run(SuiteRunnerWorker.java:96)
at org.testng.TestNG.runSuitesSequentially(TestNG.java:1212)
at org.testng.TestNG.runSuitesLocally(TestNG.java:1134)
at org.testng.TestNG.runSuites(TestNG.java:1063)
at org.testng.TestNG.run(TestNG.java:1031)
at org.testng.remote.AbstractRemoteTestNG.run(AbstractRemoteTestNG.java:115)
at org.testng.remote.RemoteTestNG.initAndRun(RemoteTestNG.java:251)
at org.testng.remote.RemoteTestNG.main(RemoteTestNG.java:77)
]]>
    </failure>
  </testcase> <!-- seleniumAlpha -->
  <testcase classname="Repeatation.R1" name="JavaScript" time="0.0">
    <ignored/>
  </testcase> <!-- JavaScript -->
  <testcase classname="Repeatation.R1" name="spicejet" time="0.0">
    <ignored/>
  </testcase> <!-- spicejet -->
  <testcase classname="Repeatation.R1" name="Scope" time="0.0">
    <ignored/>
  </testcase> <!-- Scope -->
  <testcase classname="Repeatation.R1" name="AjavaScript" time="0.0">
    <ignored/>
  </testcase> <!-- AjavaScript -->
  <testcase classname="Repeatation.R1" name="AmazonclickonlinkTab" time="0.0">
    <ignored/>
  </testcase> <!-- AmazonclickonlinkTab -->
  <testcase classname="Repeatation.R1" name="WindowsHandles" time="0.0">
    <ignored/>
  </testcase> <!-- WindowsHandles -->
  <testcase classname="Repeatation.R1" name="BrokenLinks" time="0.0">
    <ignored/>
  </testcase> <!-- BrokenLinks -->
  <testcase classname="Repeatation.R1" name="aFrame" time="0.0">
    <ignored/>
  </testcase> <!-- aFrame -->
  <testcase classname="Repeatation.R1" name="Actions" time="0.0">
    <ignored/>
  </testcase> <!-- Actions -->
  <testcase classname="Repeatation.R1" name="SalesForce" time="0.0">
    <ignored/>
  </testcase> <!-- SalesForce -->
  <testcase classname="Repeatation.R1" name="Calender" time="0.0">
    <ignored/>
  </testcase> <!-- Calender -->
  <testcase classname="Repeatation.R1" name="Frames" time="0.0">
    <ignored/>
  </testcase> <!-- Frames -->
  <testcase classname="Repeatation.R1" name="AssignmentonWindowHandle" time="0.0">
    <ignored/>
  </testcase> <!-- AssignmentonWindowHandle -->
  <testcase classname="Repeatation.R1" name="Dropdown" time="0.0">
    <ignored/>
  </testcase> <!-- Dropdown -->
  <testcase classname="Repeatation.R1" name="seze" time="0.0">
    <ignored/>
  </testcase> <!-- seze -->
  <testcase classname="Repeatation.R1" name="facebooklogin" time="0.0">
    <ignored/>
  </testcase> <!-- facebooklogin -->
</testsuite> <!-- Default test -->
