<?xml version="1.0" encoding="UTF-8"?>
<!-- Generated by org.testng.reporters.JUnitReportReporter -->
<testsuite hostname="LAPTOP-UNVJLEE0" failures="0" tests="17" name="Repeatation.R1" time="4.116" errors="1" timestamp="2021-08-18T09:10:17 IST" skipped="16">
  <testcase classname="Repeatation.R1" name="seleniumAlpha" time="4.116">
    <error message="Locator must be serializable to JSON using a `toJson` method. By.tagName: label" type="java.lang.IllegalArgumentException">
      <![CDATA[java.lang.IllegalArgumentException: Locator must be serializable to JSON using a `toJson` method. By.tagName: label
at org.openqa.selenium.support.locators.RelativeLocator.assertLocatorCanBeSerialized(RelativeLocator.java:263)
at org.openqa.selenium.support.locators.RelativeLocator.access$100(RelativeLocator.java:43)
at org.openqa.selenium.support.locators.RelativeLocator$RelativeBy.<init>(RelativeLocator.java:78)
at org.openqa.selenium.support.locators.RelativeLocator$RelativeBy.<init>(RelativeLocator.java:73)
at org.openqa.selenium.support.locators.RelativeLocator$RelativeBy.<init>(RelativeLocator.java:68)
at org.openqa.selenium.support.locators.RelativeLocator.withTagName(RelativeLocator.java:65)
at Repeatation.R1.seleniumAlpha(R1.java:928)
at java.base/jdk.internal.reflect.NativeMethodAccessorImpl.invoke0(Native Method)
at java.base/jdk.internal.reflect.NativeMethodAccessorImpl.invoke(NativeMethodAccessorImpl.java:64)
at java.base/jdk.internal.reflect.DelegatingMethodAccessorImpl.invoke(DelegatingMethodAccessorImpl.java:43)
at java.base/java.lang.reflect.Method.invoke(Method.java:564)
at org.testng.internal.MethodInvocationHelper.invokeMethod(MethodInvocationHelper.java:133)
at org.testng.internal.TestInvoker.invokeMethod(TestInvoker.java:598)
at org.testng.internal.TestInvoker.invokeTestMethod(TestInvoker.java:173)
at org.testng.internal.MethodRunner.runInSequence(MethodRunner.java:46)
at org.testng.internal.TestInvoker$MethodInvocationAgent.invoke(TestInvoker.java:824)
at org.testng.internal.TestInvoker.invokeTestMethods(TestInvoker.java:146)
at org.testng.internal.TestMethodWorker.invokeTestMethods(TestMethodWorker.java:146)
at org.testng.internal.TestMethodWorker.run(TestMethodWorker.java:128)
at java.base/java.util.ArrayList.forEach(ArrayList.java:1511)
at org.testng.TestRunner.privateRun(TestRunner.java:794)
at org.testng.TestRunner.run(TestRunner.java:596)
at org.testng.SuiteRunner.runTest(SuiteRunner.java:377)
at org.testng.SuiteRunner.runSequentially(SuiteRunner.java:371)
at org.testng.SuiteRunner.privateRun(SuiteRunner.java:332)
at org.testng.SuiteRunner.run(SuiteRunner.java:276)
at org.testng.SuiteRunnerWorker.runSuite(SuiteRunnerWorker.java:53)
at org.testng.SuiteRunnerWorker.run(SuiteRunnerWorker.java:96)
at org.testng.TestNG.runSuitesSequentially(TestNG.java:1212)
at org.testng.TestNG.runSuitesLocally(TestNG.java:1134)
at org.testng.TestNG.runSuites(TestNG.java:1063)
at org.testng.TestNG.run(TestNG.java:1031)
at org.testng.remote.AbstractRemoteTestNG.run(AbstractRemoteTestNG.java:115)
at org.testng.remote.RemoteTestNG.initAndRun(RemoteTestNG.java:251)
at org.testng.remote.RemoteTestNG.main(RemoteTestNG.java:77)
]]>
    </error>
  </testcase> <!-- seleniumAlpha -->
  <system-out/>
  <testcase classname="Repeatation.R1" name="JavaScript">
    <skipped/>
  </testcase> <!-- JavaScript -->
  <system-out/>
  <testcase classname="Repeatation.R1" name="spicejet">
    <skipped/>
  </testcase> <!-- spicejet -->
  <system-out/>
  <testcase classname="Repeatation.R1" name="Scope">
    <skipped/>
  </testcase> <!-- Scope -->
  <system-out/>
  <testcase classname="Repeatation.R1" name="AjavaScript">
    <skipped/>
  </testcase> <!-- AjavaScript -->
  <system-out/>
  <testcase classname="Repeatation.R1" name="AmazonclickonlinkTab">
    <skipped/>
  </testcase> <!-- AmazonclickonlinkTab -->
  <system-out/>
  <testcase classname="Repeatation.R1" name="WindowsHandles">
    <skipped/>
  </testcase> <!-- WindowsHandles -->
  <system-out/>
  <testcase classname="Repeatation.R1" name="BrokenLinks">
    <skipped/>
  </testcase> <!-- BrokenLinks -->
  <system-out/>
  <testcase classname="Repeatation.R1" name="aFrame">
    <skipped/>
  </testcase> <!-- aFrame -->
  <system-out/>
  <testcase classname="Repeatation.R1" name="Actions">
    <skipped/>
  </testcase> <!-- Actions -->
  <system-out/>
  <testcase classname="Repeatation.R1" name="SalesForce">
    <skipped/>
  </testcase> <!-- SalesForce -->
  <system-out/>
  <testcase classname="Repeatation.R1" name="Calender">
    <skipped/>
  </testcase> <!-- Calender -->
  <system-out/>
  <testcase classname="Repeatation.R1" name="Frames">
    <skipped/>
  </testcase> <!-- Frames -->
  <system-out/>
  <testcase classname="Repeatation.R1" name="AssignmentonWindowHandle">
    <skipped/>
  </testcase> <!-- AssignmentonWindowHandle -->
  <system-out/>
  <testcase classname="Repeatation.R1" name="Dropdown">
    <skipped/>
  </testcase> <!-- Dropdown -->
  <system-out/>
  <testcase classname="Repeatation.R1" name="seze">
    <skipped/>
  </testcase> <!-- seze -->
  <system-out/>
  <testcase classname="Repeatation.R1" name="facebooklogin">
    <skipped/>
  </testcase> <!-- facebooklogin -->
  <system-out/>
</testsuite> <!-- Repeatation.R1 -->
